<?xml version="1.0" encoding="UTF-8"?>
<testng-results ignored="0" total="0" passed="0" failed="0" skipped="0">
  <reporter-output>
  </reporter-output>
  <suite started-at="2022-03-12T22:37:13 CET" name="Base Test Case" finished-at="2022-03-12T22:37:13 CET" duration-ms="22">
    <groups>
    </groups>
    <test started-at="2022-03-12T22:37:13 CET" name="Base Test Case" finished-at="2022-03-12T22:37:13 CET" duration-ms="22">
      <class name="Master.Base">
        <test-method is-config="true" signature="BeforeSuiteMethod()[pri:0, instance:Master.Base@67d48005]" started-at="2022-03-12T22:37:04 CET" name="BeforeSuiteMethod" finished-at="2022-03-12T22:37:13 CET" duration-ms="9058" status="PASS">
          <reporter-output>
          </reporter-output>
        </test-method> <!-- BeforeSuiteMethod -->
        <test-method is-config="true" signature="AfterSuiteMethod()[pri:0, instance:Master.Base@67d48005]" started-at="2022-03-12T22:37:13 CET" name="AfterSuiteMethod" finished-at="2022-03-12T22:37:16 CET" duration-ms="2654" status="PASS">
          <reporter-output>
          </reporter-output>
        </test-method> <!-- AfterSuiteMethod -->
      </class> <!-- Master.Base -->
    </test> <!-- Base Test Case -->
  </suite> <!-- Base Test Case -->
</testng-results>
