<?xml version="1.0" encoding="UTF-8"?>
<!-- Generated by org.testng.reporters.JUnitXMLReporter -->
<testsuite ignored="0" hostname="LAPTOP-U75F80C7" failures="4" tests="4" name="Base Class" time="0.202" errors="0" timestamp="2022-03-12T20:58:08 CET">
  <testcase classname="Master.Base" name="BroserSelectionFunction" time="0.0">
    <failure type="org.testng.TestNGException" message="
Cannot inject @Test annotated Method [BroserSelectionFunction] with [class java.lang.String].
For more information on native dependency injection please refer to https://testng.org/doc/documentation-main.html#native-dependency-injection">
      <![CDATA[org.testng.TestNGException: 
Cannot inject @Test annotated Method [BroserSelectionFunction] with [class java.lang.String].
For more information on native dependency injection please refer to https://testng.org/doc/documentation-main.html#native-dependency-injection
at java.base/java.util.ArrayList.forEach(ArrayList.java:1511)
... Removed 26 stack frames]]>
    </failure>
  </testcase> <!-- BroserSelectionFunction -->
  <testcase classname="Master.Base" name="BroserinitFunction" time="0.017">
    <failure type="java.lang.NullPointerException" message="Cannot invoke &amp;quot;org.openqa.selenium.WebDriver.manage()&amp;quot; because &amp;quot;Master.Base.driver&amp;quot; is null">
      <![CDATA[java.lang.NullPointerException: Cannot invoke "org.openqa.selenium.WebDriver.manage()" because "Master.Base.driver" is null
at Master.Base.BroserinitFunction(Base.java:28)
at java.base/java.util.ArrayList.forEach(ArrayList.java:1511)
... Removed 27 stack frames]]>
    </failure>
  </testcase> <!-- BroserinitFunction -->
  <testcase classname="Master.Base" name="BroswerQuitFunction" time="0.0">
    <failure type="org.testng.TestNGException" message="
Cannot inject @Test annotated Method [BroswerQuitFunction] with [long].
For more information on native dependency injection please refer to https://testng.org/doc/documentation-main.html#native-dependency-injection">
      <![CDATA[org.testng.TestNGException: 
Cannot inject @Test annotated Method [BroswerQuitFunction] with [long].
For more information on native dependency injection please refer to https://testng.org/doc/documentation-main.html#native-dependency-injection
at java.base/java.util.ArrayList.forEach(ArrayList.java:1511)
... Removed 26 stack frames]]>
    </failure>
  </testcase> <!-- BroswerQuitFunction -->
  <testcase classname="Master.Base" name="BroswerURLFunction" time="0.0">
    <failure type="org.testng.TestNGException" message="
Cannot inject @Test annotated Method [BroswerURLFunction] with [class java.lang.Object].
For more information on native dependency injection please refer to https://testng.org/doc/documentation-main.html#native-dependency-injection">
      <![CDATA[org.testng.TestNGException: 
Cannot inject @Test annotated Method [BroswerURLFunction] with [class java.lang.Object].
For more information on native dependency injection please refer to https://testng.org/doc/documentation-main.html#native-dependency-injection
at java.base/java.util.ArrayList.forEach(ArrayList.java:1511)
... Removed 26 stack frames]]>
    </failure>
  </testcase> <!-- BroswerURLFunction -->
</testsuite> <!-- Base Class -->
